[flux] Intercepted image [image/png]: https://eleven-public-cdn.elevenlabs.io/marketing_website/assets/cookie-banner/orb.png
[flux] Intercepted image [image/svg+xml]: https://eleven-public-cdn.elevenlabs.io/marketing_website/assets/cookie-banner/li_chevron-down.svg
[flux] Intercepted image [image/gif]: https://www.google.co.in/ads/ga-audiences?v=1&t=sr&slf_rd=1&_r=4&tid=G-82RG1PXYVW&cid=2036614831.1780469247&gtm=45je6631
[flux] Intercepted image [image/gif]: https://www.google.co.in/pagead/1p-user-list/16975718486/?random=1780722129298&cv=11&fst=1780722000000&bg=ffffff&guid=ON
[flux] Intercepted image [image/gif]: https://www.google.co.in/pagead/1p-user-list/11264110897/?random=1780722129333&cv=11&fst=1780722000000&bg=ffffff&guid=ON
[flux] Intercepted image [image/gif]: https://www.google.co.in/pagead/1p-user-list/16670681864/?random=1780722129373&cv=11&fst=1780722000000&bg=ffffff&guid=ON
[flux] Intercepted image [image/gif]: https://www.google.com/pagead/1p-user-list/11264110897/?random=1780722129333&cv=11&fst=1780722000000&bg=ffffff&guid=ON&a
[flux] Intercepted image [image/gif]: https://www.google.com/pagead/1p-user-list/16975718486/?random=1780722129298&cv=11&fst=1780722000000&bg=ffffff&guid=ON&a
[flux] Intercepted image [image/gif]: https://www.google.com/pagead/1p-user-list/16670681864/?random=1780722129373&cv=11&fst=1780722000000&bg=ffffff&guid=ON&a
[flux] Intercepted image [image/png]: https://elevenlabs.io/app_assets/_next/static/media/ElevenCreative.01dum33k543mc.png
[flux] Clicked consent button: "Accept All Cookies"
[flux] Intercepted image [image/webp]: https://elevenlabs.io/app_assets/image_assets/_next/image?url=https%3A%2F%2Flh3.googleusercontent.com%2Fa%2FACg8ocK23fmo
[flux] Intercepted image [image/png]: https://6cd643dabdcb.w.hcaptcha.com/logo.png
[flux] Intercepted image [image/png]: https://5567d2a74dc1.w.hcaptcha.com/logo.png
[flux] Intercepted image [image/gif]: https://alb.reddit.com/rp.gif?ts=1780722131324&id=a2_h5nwyvwknadl&event=PageVisit&m.itemCount=&m.value=&m.valueDecimal=&
[flux] Intercepted image [image/gif]: https://alb.reddit.com/rp.gif?id=a2_hn43eb9jp37e&event=PageVisit&integration=noscript
[flux] Intercepted image [image/gif]: https://dev.visualwebsiteoptimizer.com/collect/v.gif?cd=0&a=1198117&d=https%3A%2F%2Felevenlabs.io%2Fapp%2Fimage-video%3F
[flux] Intercepted image [image/gif;charset=utf-8]: https://t.co/1/i/adsct?bci=4&dv=Asia%2FCalcutta%26en-US%26Google%20Inc.%26Linux%20x86_64%26255%261280%26800%2616%2624%26
[flux] Intercepted image [image/gif;charset=utf-8]: https://analytics.twitter.com/1/i/adsct?bci=4&dv=Asia%2FCalcutta%26en-US%26Google%20Inc.%26Linux%20x86_64%26255%261280%2
[flux] Intercepted image [image/gif;charset=utf-8]: https://analytics.twitter.com/1/i/adsct?bci=4&dv=Asia%2FCalcutta%26en-US%26Google%20Inc.%26Linux%20x86_64%26255%261280%2
[flux] Intercepted image [image/gif;charset=utf-8]: https://t.co/1/i/adsct?bci=4&dv=Asia%2FCalcutta%26en-US%26Google%20Inc.%26Linux%20x86_64%26255%261280%26800%2616%2624%26
[flux] Intercepted image [image/gif;charset=utf-8]: https://t.co/1/i/adsct?bci=4&dv=Asia%2FCalcutta%26en-US%26Google%20Inc.%26Linux%20x86_64%26255%261280%26800%2616%2624%26
[flux] Intercepted image [image/gif;charset=utf-8]: https://analytics.twitter.com/1/i/adsct?bci=4&dv=Asia%2FCalcutta%26en-US%26Google%20Inc.%26Linux%20x86_64%26255%261280%2
[flux] Intercepted image [image/jpeg]: https://elevenlabs.io/app_assets/_next/static/media/gpt-image-2-launch-cover.063vj6hrizagb.jpg
[flux] Intercepted image [image/jpeg]: https://storage.googleapis.com/eleven-public-cdn/database/shared_content/9qRwLhfKWv8ZHRQ3zQXJ/thumbnail.jpg
[flux] Intercepted image [image/jpeg]: https://storage.googleapis.com/eleven-public-cdn/database/shared_content/EOovb6E4ltA1RuU8Eu7g/thumbnail.jpg
[flux] Intercepted image [image/webp]: https://elevenlabs.io/app_assets/image_assets/_next/image?url=https%3A%2F%2Fstorage.googleapis.com%2Feleven-public-cdn%2
[flux] Intercepted image [image/webp]: https://elevenlabs.io/app_assets/image_assets/_next/image?url=https%3A%2F%2Fstorage.googleapis.com%2Feleven-public-cdn%2
[flux] Intercepted image [image/webp]: https://elevenlabs.io/app_assets/image_assets/_next/image?url=https%3A%2F%2Fstorage.googleapis.com%2Feleven-public-cdn%2
[flux] Intercepted image [image/webp]: https://elevenlabs.io/app_assets/image_assets/_next/image?url=https%3A%2F%2Fstorage.googleapis.com%2Feleven-public-cdn%2
[flux] Intercepted image [image/webp]: https://elevenlabs.io/app_assets/image_assets/_next/image?url=https%3A%2F%2Fstorage.googleapis.com%2Feleven-public-cdn%2
[flux] Intercepted image [image/webp]: https://elevenlabs.io/app_assets/image_assets/_next/image?url=https%3A%2F%2Fstorage.googleapis.com%2Feleven-public-cdn%2
[flux] Intercepted image [image/webp]: https://elevenlabs.io/app_assets/image_assets/_next/image?url=https%3A%2F%2Fstorage.googleapis.com%2Feleven-public-cdn%2
[flux] Intercepted image [image/webp]: https://elevenlabs.io/app_assets/image_assets/_next/image?url=https%3A%2F%2Fstorage.googleapis.com%2Feleven-public-cdn%2
[flux] Intercepted image [image/webp]: https://elevenlabs.io/app_assets/image_assets/_next/image?url=https%3A%2F%2Fstorage.googleapis.com%2Feleven-public-cdn%2
[flux] Intercepted image [image/webp]: https://elevenlabs.io/app_assets/image_assets/_next/image?url=https%3A%2F%2Fstorage.googleapis.com%2Feleven-public-cdn%2
[flux] Intercepted image [image/webp]: https://elevenlabs.io/app_assets/image_assets/_next/image?url=https%3A%2F%2Fstorage.googleapis.com%2Feleven-public-cdn%2
[flux] Intercepted image [image/webp]: https://elevenlabs.io/app_assets/image_assets/_next/image?url=https%3A%2F%2Fstorage.googleapis.com%2Feleven-public-cdn%2
[flux] Intercepted image [image/webp]: https://elevenlabs.io/app_assets/image_assets/_next/image?url=https%3A%2F%2Fstorage.googleapis.com%2Feleven-public-cdn%2
[flux] Intercepted image [image/webp]: https://elevenlabs.io/app_assets/image_assets/_next/image?url=https%3A%2F%2Fstorage.googleapis.com%2Feleven-public-cdn%2
[flux] Intercepted image [image/jpeg]: https://storage.googleapis.com/eleven-public-cdn/database/shared_content/sUhb4AXbhUPl8nSUwHAa/thumbnail.jpg
[flux] Intercepted image [image/jpeg]: https://storage.googleapis.com/eleven-public-cdn/database/shared_content/otPE0479e5hKKfGtWiMp/thumbnail.jpg
[flux] Intercepted image [image/png]: https://verifi.pdscrb.com/tag?action=view&user_id=574d66fb-1a31-43ec-bd16-a28cd84d396c&advertiser=11labs&referrer=_&sess
[flux] Intercepted image [image/png]: https://storage.googleapis.com/eleven-public-cdn/database/shared_content/2a5njcowNbBUP03sKxZN/content.png
[flux] Intercepted image [image/gif]: https://www.google.co.in/pagead/1p-user-list/16975718486/?random=1780722144451&cv=11&fst=1780722000000&bg=ffffff&guid=ON
[flux] Intercepted image [image/gif]: https://www.google.com/pagead/1p-user-list/16975718486/?random=1780722144451&cv=11&fst=1780722000000&bg=ffffff&guid=ON&a
[flux] Intercepted image [image/gif]: https://www.google.co.in/pagead/1p-user-list/11264110897/?random=1780722144507&cv=11&fst=1780722000000&bg=ffffff&guid=ON
[flux] Intercepted image [image/gif]: https://www.google.co.in/pagead/1p-user-list/11264110897/?random=1780722144520&cv=11&fst=1780722000000&bg=ffffff&guid=ON
[flux] Intercepted image [image/gif]: https://www.google.com/pagead/1p-user-list/11264110897/?random=1780722144507&cv=11&fst=1780722000000&bg=ffffff&guid=ON&a
[flux] Intercepted image [image/gif]: https://www.google.com/pagead/1p-user-list/11264110897/?random=1780722144520&cv=11&fst=1780722000000&bg=ffffff&guid=ON&a
[flux] Intercepted image [image/gif]: https://www.google.co.in/pagead/1p-user-list/16670681864/?random=1780722144534&cv=11&fst=1780722000000&bg=ffffff&guid=ON
[flux] Intercepted image [image/gif]: https://www.google.co.in/pagead/1p-user-list/16670681864/?random=1780722144548&cv=11&fst=1780722000000&bg=ffffff&guid=ON
[flux] Intercepted image [image/gif]: https://www.google.com/pagead/1p-user-list/16670681864/?random=1780722144534&cv=11&fst=1780722000000&bg=ffffff&guid=ON&a
[flux] Intercepted image [image/gif]: https://www.google.com/pagead/1p-user-list/16670681864/?random=1780722144548&cv=11&fst=1780722000000&bg=ffffff&guid=ON&a
[flux] Intercepted image [image/gif]: https://www.google.co.in/pagead/1p-user-list/16975718486/?random=1780722144478&cv=11&fst=1780722000000&bg=ffffff&guid=ON
[flux] Intercepted image [image/gif]: https://www.google.com/pagead/1p-user-list/16975718486/?random=1780722144478&cv=11&fst=1780722000000&bg=ffffff&guid=ON&a
[flux] Intercepted image [image/png]: https://53af17046527.w.hcaptcha.com/logo.png
[flux] Watching for generation to complete...
[flux] Intercepted image [image/gif]: https://www.google.co.in/pagead/1p-user-list/16670681864/?random=1780722150896&cv=11&fst=1780722000000&bg=ffffff&guid=ON
[flux] Intercepted image [image/gif]: https://www.google.com/pagead/1p-user-list/16670681864/?random=1780722150896&cv=11&fst=1780722000000&bg=ffffff&guid=ON&a
[flux] 11% done — still generating, waiting...
[flux] 19% done — still generating, waiting...
[flux] 28% done — still generating, waiting...
[flux] 37% done — still generating, waiting...
[flux] 46% done — still generating, waiting...
[flux] 54% done — still generating, waiting...
[flux] 63% done — still generating, waiting...
[flux] 72% done — still generating, waiting...
[flux] Intercepted image [image/webp]: https://storage.googleapis.com/xi-backend/database/workspace/9e43e6d88dd74400a2526ffa6e243fd9/content_generation/K55kGMn
[flux] Intercepted image [image/webp]: https://storage.googleapis.com/xi-backend/database/workspace/9e43e6d88dd74400a2526ffa6e243fd9/content_generation/K55kGMn
[flux] Intercepted image [image/webp]: https://storage.googleapis.com/xi-backend/database/workspace/9e43e6d88dd74400a2526ffa6e243fd9/content_generation/K55kGMn
[flux] Intercepted image [image/webp]: https://storage.googleapis.com/xi-backend/database/workspace/9e43e6d88dd74400a2526ffa6e243fd9/content_generation/K55kGMn
[flux] 81% done — still generating, waiting...
[flux] Intercepted image [image/webp]: https://storage.googleapis.com/xi-backend/database/workspace/9e43e6d88dd74400a2526ffa6e243fd9/content_generation/K55kGMn
[flux] Intercepted image [image/webp]: https://storage.googleapis.com/xi-backend/database/workspace/9e43e6d88dd74400a2526ffa6e243fd9/content_generation/K55kGMn
[flux] 90% done — still generating, waiting...
[flux] Intercepted image [image/webp]: https://storage.googleapis.com/xi-backend/database/workspace/9e43e6d88dd74400a2526ffa6e243fd9/content_generation/K55kGMn
[flux] Intercepted image [image/webp]: https://storage.googleapis.com/xi-backend/database/workspace/9e43e6d88dd74400a2526ffa6e243fd9/content_generation/K55kGMn
[flux] Generation complete — waiting for all images to load...
[flux] Intercepted image [image/gif]: https://www.google.com/pagead/1p-user-list/16975718486/?random=1780722307322&cv=11&fst=1780722000000&bg=ffffff&guid=ON&a
[flux] Intercepted image [image/gif]: https://www.google.com/pagead/1p-user-list/11264110897/?random=1780722307342&cv=11&fst=1780722000000&bg=ffffff&guid=ON&a
[flux] Intercepted image [image/gif]: https://www.google.com/pagead/1p-user-list/16670681864/?random=1780722307356&cv=11&fst=1780722000000&bg=ffffff&guid=ON&a
[flux] Intercepted image [image/gif]: https://www.google.co.in/pagead/1p-user-list/16670681864/?random=1780722307356&cv=11&fst=1780722000000&bg=ffffff&guid=ON
[flux] Intercepted image [image/gif]: https://www.google.co.in/pagead/1p-user-list/11264110897/?random=1780722307342&cv=11&fst=1780722000000&bg=ffffff&guid=ON
[flux] Intercepted image [image/gif]: https://www.google.co.in/pagead/1p-user-list/16975718486/?random=1780722307322&cv=11&fst=1780722000000&bg=ffffff&guid=ON
[flux] Captured 4 image URL(s)
  [1] https://www.google.com/pagead/1p-user-list/16670681864/?random=1780722307356&cv=11&fst=1780722000000
  [2] https://www.google.co.in/pagead/1p-user-list/16670681864/?random=1780722307356&cv=11&fst=17807220000
  [3] https://www.google.co.in/pagead/1p-user-list/11264110897/?random=1780722307342&cv=11&fst=17807220000
  [4] https://www.google.co.in/pagead/1p-user-list/16975718486/?random=1780722307322&cv=11&fst=17807220000
[flux] Job flux-70136dc2-3455-410b-bf35-087af6df5f22 complete — 4 image(s) downloaded
