[flux] Intercepted image [image/png]: https://eleven-public-cdn.elevenlabs.io/marketing_website/assets/cookie-banner/orb.png
[flux] Intercepted image [image/svg+xml]: https://eleven-public-cdn.elevenlabs.io/marketing_website/assets/cookie-banner/li_chevron-down.svg
[flux] Intercepted image [image/png]: https://elevenlabs.io/app_assets/_next/static/media/ElevenCreative.01dum33k543mc.png
[flux] Intercepted image [image/webp]: https://elevenlabs.io/app_assets/image_assets/_next/image?url=https%3A%2F%2Flh3.googleusercontent.com%2Fa%2FACg8ocK23fmo
[flux] Clicked consent button: "Accept All Cookies"
[flux] Intercepted image [image/gif]: https://www.google.co.in/ads/ga-audiences?v=1&t=sr&slf_rd=1&_r=4&tid=G-82RG1PXYVW&cid=2036614831.1780469247&gtm=45je66a0
[flux] Intercepted image [image/gif]: https://www.google.co.in/pagead/1p-user-list/16975718486/?random=1781160489255&cv=11&fst=1781157600000&bg=ffffff&guid=ON
[flux] Intercepted image [image/gif]: https://www.google.co.in/pagead/1p-user-list/16670681864/?random=1781160489223&cv=11&fst=1781157600000&bg=ffffff&guid=ON
[flux] Intercepted image [image/gif]: https://www.google.co.in/pagead/1p-user-list/11264110897/?random=1781160489294&cv=11&fst=1781157600000&bg=ffffff&guid=ON
[flux] Intercepted image [image/gif]: https://www.google.com/pagead/1p-user-list/16670681864/?random=1781160489223&cv=11&fst=1781157600000&bg=ffffff&guid=ON&a
[flux] Intercepted image [image/gif]: https://www.google.com/pagead/1p-user-list/16975718486/?random=1781160489255&cv=11&fst=1781157600000&bg=ffffff&guid=ON&a
[flux] Intercepted image [image/gif]: https://www.google.com/pagead/1p-user-list/11264110897/?random=1781160489294&cv=11&fst=1781157600000&bg=ffffff&guid=ON&a
[flux] Intercepted image [image/png]: https://e33cfa103702.w.hcaptcha.com/logo.png
[flux] Intercepted image [image/png]: https://7efa371052f6.w.hcaptcha.com/logo.png
[flux] Intercepted image [image/gif]: https://dev.visualwebsiteoptimizer.com/collect/v.gif?cd=0&a=1198117&d=elevenlabs.io&u=DE0FE8AF3713DFA5B209A4EC725E3013A&
[flux] Intercepted image [image/gif]: https://alb.reddit.com/rp.gif?ts=1781160490949&id=a2_h5nwyvwknadl&event=PageVisit&m.itemCount=&m.value=&m.valueDecimal=&
[flux] Intercepted image [image/gif]: https://alb.reddit.com/rp.gif?id=a2_hn43eb9jp37e&event=PageVisit&integration=noscript
[flux] Intercepted image [image/gif;charset=utf-8]: https://t.co/1/i/adsct?bci=4&dv=Asia%2FCalcutta%26en-US%26Google%20Inc.%26Linux%20x86_64%26255%261280%26800%2616%2624%26
[flux] Intercepted image [image/gif;charset=utf-8]: https://t.co/1/i/adsct?bci=4&dv=Asia%2FCalcutta%26en-US%26Google%20Inc.%26Linux%20x86_64%26255%261280%26800%2616%2624%26
[flux] Intercepted image [image/gif;charset=utf-8]: https://t.co/1/i/adsct?bci=4&dv=Asia%2FCalcutta%26en-US%26Google%20Inc.%26Linux%20x86_64%26255%261280%26800%2616%2624%26
[flux] Intercepted image [image/gif;charset=utf-8]: https://analytics.twitter.com/1/i/adsct?bci=4&dv=Asia%2FCalcutta%26en-US%26Google%20Inc.%26Linux%20x86_64%26255%261280%2
[flux] Intercepted image [image/gif;charset=utf-8]: https://analytics.twitter.com/1/i/adsct?bci=4&dv=Asia%2FCalcutta%26en-US%26Google%20Inc.%26Linux%20x86_64%26255%261280%2
[flux] Intercepted image [image/gif;charset=utf-8]: https://analytics.twitter.com/1/i/adsct?bci=4&dv=Asia%2FCalcutta%26en-US%26Google%20Inc.%26Linux%20x86_64%26255%261280%2
[flux] Intercepted image [image/webp]: https://elevenlabs.io/app_assets/image_assets/_next/image?url=https%3A%2F%2Fstorage.googleapis.com%2Feleven-public-cdn%2
[flux] Intercepted image [image/webp]: https://elevenlabs.io/app_assets/image_assets/_next/image?url=https%3A%2F%2Fstorage.googleapis.com%2Feleven-public-cdn%2
[flux] Intercepted image [image/webp]: https://elevenlabs.io/app_assets/image_assets/_next/image?url=https%3A%2F%2Fstorage.googleapis.com%2Feleven-public-cdn%2
[flux] Intercepted image [image/webp]: https://elevenlabs.io/app_assets/image_assets/_next/image?url=https%3A%2F%2Fstorage.googleapis.com%2Feleven-public-cdn%2
[flux] Intercepted image [image/webp]: https://elevenlabs.io/app_assets/image_assets/_next/image?url=https%3A%2F%2Fstorage.googleapis.com%2Feleven-public-cdn%2
[flux] Intercepted image [image/webp]: https://elevenlabs.io/app_assets/image_assets/_next/image?url=https%3A%2F%2Fstorage.googleapis.com%2Feleven-public-cdn%2
[flux] Intercepted image [image/webp]: https://elevenlabs.io/app_assets/image_assets/_next/image?url=https%3A%2F%2Fstorage.googleapis.com%2Feleven-public-cdn%2
[flux] Intercepted image [image/webp]: https://elevenlabs.io/app_assets/image_assets/_next/image?url=https%3A%2F%2Fstorage.googleapis.com%2Feleven-public-cdn%2
[flux] Intercepted image [image/webp]: https://elevenlabs.io/app_assets/image_assets/_next/image?url=https%3A%2F%2Fstorage.googleapis.com%2Feleven-public-cdn%2
[flux] Intercepted image [image/jpeg]: https://storage.googleapis.com/eleven-public-cdn/database/shared_content/DMilqu8wAoqiUULh08nV/thumbnail.jpg
[flux] Intercepted image [image/webp]: https://elevenlabs.io/app_assets/image_assets/_next/image?url=https%3A%2F%2Fstorage.googleapis.com%2Feleven-public-cdn%2
[flux] Intercepted image [image/webp]: https://elevenlabs.io/app_assets/image_assets/_next/image?url=https%3A%2F%2Fstorage.googleapis.com%2Feleven-public-cdn%2
[flux] Intercepted image [image/webp]: https://elevenlabs.io/app_assets/image_assets/_next/image?url=https%3A%2F%2Fstorage.googleapis.com%2Feleven-public-cdn%2
[flux] Intercepted image [image/webp]: https://elevenlabs.io/app_assets/image_assets/_next/image?url=https%3A%2F%2Fstorage.googleapis.com%2Feleven-public-cdn%2
[flux] Intercepted image [image/webp]: https://elevenlabs.io/app_assets/image_assets/_next/image?url=https%3A%2F%2Fstorage.googleapis.com%2Feleven-public-cdn%2
[flux] Intercepted image [image/webp]: https://elevenlabs.io/app_assets/image_assets/_next/image?url=https%3A%2F%2Fstorage.googleapis.com%2Feleven-public-cdn%2
[flux] Intercepted image [image/jpeg]: https://elevenlabs.io/app_assets/_next/static/media/gpt-image-2-launch-cover.063vj6hrizagb.jpg
[flux] Intercepted image [image/webp]: https://elevenlabs.io/app_assets/image_assets/_next/image?url=https%3A%2F%2Fstorage.googleapis.com%2Feleven-public-cdn%2
[flux] Intercepted image [image/webp]: https://elevenlabs.io/app_assets/image_assets/_next/image?url=https%3A%2F%2Fstorage.googleapis.com%2Feleven-public-cdn%2
[flux] Intercepted image [image/png]: https://verifi.pdscrb.com/tag?action=view&user_id=574d66fb-1a31-43ec-bd16-a28cd84d396c&advertiser=11labs&referrer=_&sess
[flux] Job flux-f64f8f49-2248-4ce1-bb7d-75deb907f591 failed: locator.type: Target page, context or browser has been closed
Call log:
[2m  - waiting for locator('#image-video-prompt-box').first()[22m
[2m    - locator resolved to <div tabindex="0" translate="no" contenteditable="true" id="image-video-prompt-box" data-agent-role="tiptap-input" data-agent-id="image-video-prompt-_r_92_" class="tiptap ProseMirror px-4 py-[7px] h-full w-full text-md focus:outline-none focus:ring-none ring-transparent border-none ProseMirror-focused">…</div>[22m
[2m  - elementHandle.type("SUBJECT: Cinematic landscape: Tata Nexon EV parked on a mountain highway with Himachal Pradesh peaks behind, Hopcharge branded cable connected to a portable charging unit — golden hour light, aspirational travel energy VEHICLE IN FRAME: compact Maruti Suzuki Eeco-style white Indian micro cargo van — white front cabin, royal blue vinyl wrap on the upper rear cargo section, bright gold/amber horizontal accent stripe along the full lower body, "hopcharge™" wordmark and EV-charging icon printed on t")[22m

    at run (/home/hackoverflow/Documents/Hopcharge/hopcharge-creative-pipeline/src/lib/plugins/browser/automate-flux.ts:157:20)
