[flux] Intercepted image [image/png]: https://elevenlabs.io/app_assets/_next/static/media/ElevenCreative.01dum33k543mc.png
[flux] Intercepted image [image/png]: https://eleven-public-cdn.elevenlabs.io/marketing_website/assets/cookie-banner/orb.png
[flux] Intercepted image [image/webp]: https://elevenlabs.io/app_assets/image_assets/_next/image?url=https%3A%2F%2Flh3.googleusercontent.com%2Fa%2FACg8ocK23fmo
[flux] Intercepted image [image/webp]: https://elevenlabs.io/app_assets/image_assets/_next/image?url=https%3A%2F%2Fstorage.googleapis.com%2Feleven-public-cdn%2
[flux] Intercepted image [image/webp]: https://elevenlabs.io/app_assets/image_assets/_next/image?url=https%3A%2F%2Fstorage.googleapis.com%2Feleven-public-cdn%2
[flux] Intercepted image [image/webp]: https://elevenlabs.io/app_assets/image_assets/_next/image?url=https%3A%2F%2Fstorage.googleapis.com%2Feleven-public-cdn%2
[flux] Intercepted image [image/webp]: https://elevenlabs.io/app_assets/image_assets/_next/image?url=https%3A%2F%2Fstorage.googleapis.com%2Feleven-public-cdn%2
[flux] Intercepted image [image/webp]: https://elevenlabs.io/app_assets/image_assets/_next/image?url=https%3A%2F%2Fstorage.googleapis.com%2Feleven-public-cdn%2
[flux] Intercepted image [image/webp]: https://elevenlabs.io/app_assets/image_assets/_next/image?url=https%3A%2F%2Fstorage.googleapis.com%2Feleven-public-cdn%2
[flux] Intercepted image [image/webp]: https://elevenlabs.io/app_assets/image_assets/_next/image?url=https%3A%2F%2Fstorage.googleapis.com%2Feleven-public-cdn%2
[flux] Intercepted image [image/webp]: https://elevenlabs.io/app_assets/image_assets/_next/image?url=https%3A%2F%2Fstorage.googleapis.com%2Feleven-public-cdn%2
[flux] Intercepted image [image/webp]: https://elevenlabs.io/app_assets/image_assets/_next/image?url=https%3A%2F%2Fstorage.googleapis.com%2Feleven-public-cdn%2
[flux] Intercepted image [image/webp]: https://elevenlabs.io/app_assets/image_assets/_next/image?url=https%3A%2F%2Fstorage.googleapis.com%2Feleven-public-cdn%2
[flux] Intercepted image [image/webp]: https://elevenlabs.io/app_assets/image_assets/_next/image?url=https%3A%2F%2Fstorage.googleapis.com%2Feleven-public-cdn%2
[flux] Intercepted image [image/jpeg]: https://elevenlabs.io/app_assets/_next/static/media/gpt-image-2-launch-cover.063vj6hrizagb.jpg
[flux] Intercepted image [image/webp]: https://elevenlabs.io/app_assets/image_assets/_next/image?url=https%3A%2F%2Fstorage.googleapis.com%2Feleven-public-cdn%2
[flux] Intercepted image [image/webp]: https://elevenlabs.io/app_assets/image_assets/_next/image?url=https%3A%2F%2Fstorage.googleapis.com%2Feleven-public-cdn%2
[flux] Intercepted image [image/jpeg]: https://storage.googleapis.com/eleven-public-cdn/database/shared_content/sUhb4AXbhUPl8nSUwHAa/thumbnail.jpg
[flux] Intercepted image [image/webp]: https://elevenlabs.io/app_assets/image_assets/_next/image?url=https%3A%2F%2Fstorage.googleapis.com%2Feleven-public-cdn%2
[flux] Intercepted image [image/jpeg]: https://storage.googleapis.com/eleven-public-cdn/database/shared_content/9qRwLhfKWv8ZHRQ3zQXJ/thumbnail.jpg
[flux] Intercepted image [image/jpeg]: https://storage.googleapis.com/eleven-public-cdn/database/shared_content/otPE0479e5hKKfGtWiMp/thumbnail.jpg
[flux] Intercepted image [image/jpeg]: https://storage.googleapis.com/eleven-public-cdn/database/shared_content/EOovb6E4ltA1RuU8Eu7g/thumbnail.jpg
[flux] Intercepted image [image/svg+xml]: https://eleven-public-cdn.elevenlabs.io/marketing_website/assets/cookie-banner/li_chevron-down.svg
[flux] Intercepted image [image/gif]: https://www.google.co.in/ads/ga-audiences?v=1&t=sr&slf_rd=1&_r=4&tid=G-82RG1PXYVW&cid=2036614831.1780469247&gtm=45je6631
[flux] Intercepted image [image/png]: https://040036eaea8d.w.hcaptcha.com/logo.png
[flux] Intercepted image [image/gif]: https://www.google.co.in/pagead/1p-user-list/16670681864/?random=1780738364951&cv=11&fst=1780736400000&bg=ffffff&guid=ON
[flux] Intercepted image [image/gif]: https://www.google.com/pagead/1p-user-list/11264110897/?random=1780738364809&cv=11&fst=1780736400000&bg=ffffff&guid=ON&a
[flux] Intercepted image [image/gif]: https://www.google.com/pagead/1p-user-list/16670681864/?random=1780738364951&cv=11&fst=1780736400000&bg=ffffff&guid=ON&a
[flux] Intercepted image [image/gif]: https://www.google.co.in/pagead/1p-user-list/11264110897/?random=1780738364809&cv=11&fst=1780736400000&bg=ffffff&guid=ON
[flux] Intercepted image [image/gif]: https://www.google.com/pagead/1p-user-list/16975718486/?random=1780738365048&cv=11&fst=1780736400000&bg=ffffff&guid=ON&a
[flux] Intercepted image [image/gif]: https://www.google.co.in/pagead/1p-user-list/16975718486/?random=1780738365048&cv=11&fst=1780736400000&bg=ffffff&guid=ON
[flux] Intercepted image [image/png]: https://3ff88d957c15.w.hcaptcha.com/logo.png
[flux] Intercepted image [image/webp]: https://eleven-public-cdn.elevenlabs.io/payloadcms/psa6ogdogr-Frame%202147224510.webp
[flux] Intercepted image [image/webp]: https://eleven-public-cdn.elevenlabs.io/payloadcms/655l0yrp3u8-2_1.webp
[flux] Intercepted image [image/webp]: https://eleven-public-cdn.elevenlabs.io/payloadcms/eveb8fwdcae-InApp%204_3.webp
[flux] Intercepted image [image/webp]: https://eleven-public-cdn.elevenlabs.io/payloadcms/blut7pox77d-Screenshot%202026-05-12%20at%209.03.01%E2%80%AFAM.webp
[flux] Intercepted image [image/webp]: https://eleven-public-cdn.elevenlabs.io/payloadcms/njx8yv5em3a-New%20Modalities%20-%20In-App.webp
[flux] Intercepted image [image/webp]: https://eleven-public-cdn.elevenlabs.io/payloadcms/wlx8e2dc4ih-Templates%20-%20In-App.webp
[flux] Intercepted image [image/webp]: https://eleven-public-cdn.elevenlabs.io/payloadcms/opaqpuwydw-MM%20square.webp
[flux] Intercepted image [image/webp]: https://eleven-public-cdn.elevenlabs.io/payloadcms/kshd771lyuq-Flows%20collaboration.webp
[flux] Intercepted image [image/webp]: https://eleven-public-cdn.elevenlabs.io/payloadcms/wrwq3hz6suc-1_1.webp
[flux] Intercepted image [image/webp]: https://eleven-public-cdn.elevenlabs.io/payloadcms/zw0p3qt1c2i-Guardrails%20-%20In-App.webp
[flux] Job flux-ea582935-a8ff-4cc2-ab28-045bb9c55775 failed: locator.click: Target page, context or browser has been closed
Call log:
[2m  - waiting for locator('#image-video-prompt-box').first()[22m
[2m    - locator resolved to <div tabindex="0" translate="no" contenteditable="true" id="image-video-prompt-box" data-agent-role="tiptap-input" data-agent-id="image-video-prompt-_r_8h_" class="tiptap ProseMirror px-4 py-[7px] h-full w-full text-md focus:outline-none focus:ring-none ring-transparent border-none">…</div>[22m
[2m  - attempting click action[22m
[2m    2 × waiting for element to be visible, enabled and stable[22m
[2m      - element is visible, enabled and stable[22m
[2m      - scrolling into view if needed[22m
[2m      - done scrolling[22m
[2m      - <p class="cb-body cb-text">By clicking “Accept All Cookies”, you agree to th…</p> from <div lang="en" dir="ltr" id="cookiebanner" ng-non-bindable="" name="cookiebanner">…</div> subtree intercepts pointer events[22m
[2m    - retrying click action[22m
[2m    - waiting 20ms[22m
[2m    2 × waiting for element to be visible, enabled and stable[22m
[2m      - element is visible, enabled and stable[22m
[2m      - scrolling into view if needed[22m
[2m      - done scrolling[22m
[2m      - <p class="cb-body cb-text">By clicking “Accept All Cookies”, you agree to th…</p> from <div lang="en" dir="ltr" id="cookiebanner" ng-non-bindable="" name="cookiebanner">…</div> subtree intercepts pointer events[22m
[2m    - retrying click action[22m
[2m      - waiting 100ms[22m
[2m    33 × waiting for element to be visible, enabled and stable[22m
[2m       - element is visible, enabled and stable[22m
[2m       - scrolling into view if needed[22m
[2m       - done scrolling[22m
[2m       - <p class="cb-body cb-text">By clicking “Accept All Cookies”, you agree to th…</p> from <div lang="en" dir="ltr" id="cookiebanner" ng-non-bindable="" name="cookiebanner">…</div> subtree intercepts pointer events[22m
[2m     - retrying click action[22m
[2m       - waiting 500ms[22m

    at run (/home/hackoverflow/Documents/Hopcharge/hopcharge-creative-pipeline/src/lib/plugins/browser/automate-flux.ts:155:20)
