[flux] Intercepted image [image/png]: https://eleven-public-cdn.elevenlabs.io/marketing_website/assets/cookie-banner/orb.png
[flux] Intercepted image [image/svg+xml]: https://eleven-public-cdn.elevenlabs.io/marketing_website/assets/cookie-banner/li_chevron-down.svg
[flux] Intercepted image [image/png]: https://elevenlabs.io/app_assets/_next/static/media/ElevenCreative.01dum33k543mc.png
[flux] Intercepted image [image/webp]: https://elevenlabs.io/app_assets/image_assets/_next/image?url=https%3A%2F%2Flh3.googleusercontent.com%2Fa%2FACg8ocK23fmo
[flux] Intercepted image [image/gif]: https://www.google.co.in/ads/ga-audiences?v=1&t=sr&slf_rd=1&_r=4&tid=G-82RG1PXYVW&cid=2036614831.1780469247&gtm=45je6641
[flux] Clicked consent button: "Accept All Cookies"
[flux] Intercepted image [image/gif]: https://www.google.co.in/pagead/1p-user-list/11264110897/?random=1781087866086&cv=11&fst=1781085600000&bg=ffffff&guid=ON
[flux] Intercepted image [image/gif]: https://www.google.co.in/pagead/1p-user-list/16670681864/?random=1781087866168&cv=11&fst=1781085600000&bg=ffffff&guid=ON
[flux] Intercepted image [image/gif]: https://www.google.co.in/pagead/1p-user-list/16975718486/?random=1781087866224&cv=11&fst=1781085600000&bg=ffffff&guid=ON
[flux] Intercepted image [image/gif]: https://www.google.com/pagead/1p-user-list/11264110897/?random=1781087866086&cv=11&fst=1781085600000&bg=ffffff&guid=ON&a
[flux] Intercepted image [image/gif]: https://www.google.com/pagead/1p-user-list/16670681864/?random=1781087866168&cv=11&fst=1781085600000&bg=ffffff&guid=ON&a
[flux] Intercepted image [image/gif]: https://www.google.com/pagead/1p-user-list/16975718486/?random=1781087866224&cv=11&fst=1781085600000&bg=ffffff&guid=ON&a
[flux] Intercepted image [image/png]: https://4d8dc09db22e.w.hcaptcha.com/logo.png
[flux] Intercepted image [image/gif]: https://alb.reddit.com/rp.gif?id=a2_hn43eb9jp37e&event=PageVisit&integration=noscript
[flux] Intercepted image [image/png]: https://02affb187ab1.w.hcaptcha.com/logo.png
[flux] Intercepted image [image/gif]: https://alb.reddit.com/rp.gif?ts=1781087868746&id=a2_h5nwyvwknadl&event=PageVisit&m.itemCount=&m.value=&m.valueDecimal=&
[flux] Intercepted image [image/gif;charset=utf-8]: https://t.co/1/i/adsct?bci=4&dv=Asia%2FCalcutta%26en-US%26Google%20Inc.%26Linux%20x86_64%26255%261280%26800%2616%2624%26
[flux] Intercepted image [image/gif;charset=utf-8]: https://t.co/1/i/adsct?bci=4&dv=Asia%2FCalcutta%26en-US%26Google%20Inc.%26Linux%20x86_64%26255%261280%26800%2616%2624%26
[flux] Intercepted image [image/gif;charset=utf-8]: https://t.co/1/i/adsct?bci=4&dv=Asia%2FCalcutta%26en-US%26Google%20Inc.%26Linux%20x86_64%26255%261280%26800%2616%2624%26
[flux] Intercepted image [image/gif;charset=utf-8]: https://analytics.twitter.com/1/i/adsct?bci=4&dv=Asia%2FCalcutta%26en-US%26Google%20Inc.%26Linux%20x86_64%26255%261280%2
[flux] Intercepted image [image/gif;charset=utf-8]: https://analytics.twitter.com/1/i/adsct?bci=4&dv=Asia%2FCalcutta%26en-US%26Google%20Inc.%26Linux%20x86_64%26255%261280%2
[flux] Intercepted image [image/gif;charset=utf-8]: https://analytics.twitter.com/1/i/adsct?bci=4&dv=Asia%2FCalcutta%26en-US%26Google%20Inc.%26Linux%20x86_64%26255%261280%2
[flux] Intercepted image [image/gif]: https://dev.visualwebsiteoptimizer.com/collect/v.gif?cd=0&a=1198117&d=elevenlabs.io&u=D5691269917BA59A59B5F2B97CC1FA28C&
[flux] Intercepted image [image/webp]: https://elevenlabs.io/app_assets/image_assets/_next/image?url=https%3A%2F%2Fstorage.googleapis.com%2Feleven-public-cdn%2
[flux] Intercepted image [image/webp]: https://elevenlabs.io/app_assets/image_assets/_next/image?url=https%3A%2F%2Fstorage.googleapis.com%2Feleven-public-cdn%2
[flux] Intercepted image [image/webp]: https://elevenlabs.io/app_assets/image_assets/_next/image?url=https%3A%2F%2Fstorage.googleapis.com%2Feleven-public-cdn%2
[flux] Intercepted image [image/webp]: https://elevenlabs.io/app_assets/image_assets/_next/image?url=https%3A%2F%2Fstorage.googleapis.com%2Feleven-public-cdn%2
[flux] Intercepted image [image/webp]: https://elevenlabs.io/app_assets/image_assets/_next/image?url=https%3A%2F%2Fstorage.googleapis.com%2Feleven-public-cdn%2
[flux] Intercepted image [image/webp]: https://elevenlabs.io/app_assets/image_assets/_next/image?url=https%3A%2F%2Fstorage.googleapis.com%2Feleven-public-cdn%2
[flux] Intercepted image [image/webp]: https://elevenlabs.io/app_assets/image_assets/_next/image?url=https%3A%2F%2Fstorage.googleapis.com%2Feleven-public-cdn%2
[flux] Intercepted image [image/webp]: https://elevenlabs.io/app_assets/image_assets/_next/image?url=https%3A%2F%2Fstorage.googleapis.com%2Feleven-public-cdn%2
[flux] Intercepted image [image/webp]: https://elevenlabs.io/app_assets/image_assets/_next/image?url=https%3A%2F%2Fstorage.googleapis.com%2Feleven-public-cdn%2
[flux] Intercepted image [image/jpeg]: https://elevenlabs.io/app_assets/_next/static/media/gpt-image-2-launch-cover.063vj6hrizagb.jpg
[flux] Intercepted image [image/jpeg]: https://storage.googleapis.com/eleven-public-cdn/database/shared_content/DMilqu8wAoqiUULh08nV/thumbnail.jpg
[flux] Intercepted image [image/webp]: https://elevenlabs.io/app_assets/image_assets/_next/image?url=https%3A%2F%2Fstorage.googleapis.com%2Feleven-public-cdn%2
[flux] Intercepted image [image/webp]: https://elevenlabs.io/app_assets/image_assets/_next/image?url=https%3A%2F%2Fstorage.googleapis.com%2Feleven-public-cdn%2
[flux] Intercepted image [image/webp]: https://elevenlabs.io/app_assets/image_assets/_next/image?url=https%3A%2F%2Fstorage.googleapis.com%2Feleven-public-cdn%2
[flux] Intercepted image [image/webp]: https://elevenlabs.io/app_assets/image_assets/_next/image?url=https%3A%2F%2Fstorage.googleapis.com%2Feleven-public-cdn%2
[flux] Intercepted image [image/webp]: https://elevenlabs.io/app_assets/image_assets/_next/image?url=https%3A%2F%2Fstorage.googleapis.com%2Feleven-public-cdn%2
[flux] Intercepted image [image/webp]: https://elevenlabs.io/app_assets/image_assets/_next/image?url=https%3A%2F%2Fstorage.googleapis.com%2Feleven-public-cdn%2
[flux] Intercepted image [image/webp]: https://elevenlabs.io/app_assets/image_assets/_next/image?url=https%3A%2F%2Fstorage.googleapis.com%2Feleven-public-cdn%2
[flux] Intercepted image [image/webp]: https://elevenlabs.io/app_assets/image_assets/_next/image?url=https%3A%2F%2Fstorage.googleapis.com%2Feleven-public-cdn%2
[flux] Intercepted image [image/png]: https://storage.googleapis.com/eleven-public-cdn/database/shared_content/WoKlG8jBd0YTiRGY41e4/content.png
[flux] Intercepted image [image/png]: https://verifi.pdscrb.com/tag?action=view&user_id=574d66fb-1a31-43ec-bd16-a28cd84d396c&advertiser=11labs&referrer=_&sess
[flux] Intercepted image [image/gif]: https://www.google.com/pagead/1p-user-list/11264110897/?random=1781087899092&cv=11&fst=1781085600000&bg=ffffff&guid=ON&a
[flux] Intercepted image [image/gif]: https://www.google.com/pagead/1p-user-list/16670681864/?random=1781087899110&cv=11&fst=1781085600000&bg=ffffff&guid=ON&a
[flux] Intercepted image [image/gif]: https://www.google.com/pagead/1p-user-list/11264110897/?random=1781087899066&cv=11&fst=1781085600000&bg=ffffff&guid=ON&a
[flux] Intercepted image [image/gif]: https://www.google.co.in/pagead/1p-user-list/11264110897/?random=1781087899092&cv=11&fst=1781085600000&bg=ffffff&guid=ON
[flux] Intercepted image [image/gif]: https://www.google.co.in/pagead/1p-user-list/16670681864/?random=1781087899110&cv=11&fst=1781085600000&bg=ffffff&guid=ON
[flux] Intercepted image [image/gif]: https://www.google.co.in/pagead/1p-user-list/11264110897/?random=1781087899066&cv=11&fst=1781085600000&bg=ffffff&guid=ON
[flux] Intercepted image [image/gif]: https://www.google.co.in/pagead/1p-user-list/16975718486/?random=1781087899156&cv=11&fst=1781085600000&bg=ffffff&guid=ON
[flux] Intercepted image [image/gif]: https://www.google.co.in/pagead/1p-user-list/16670681864/?random=1781087899132&cv=11&fst=1781085600000&bg=ffffff&guid=ON
[flux] Intercepted image [image/gif]: https://www.google.co.in/pagead/1p-user-list/16975718486/?random=1781087899182&cv=11&fst=1781085600000&bg=ffffff&guid=ON
[flux] Intercepted image [image/gif]: https://www.google.com/pagead/1p-user-list/16975718486/?random=1781087899156&cv=11&fst=1781085600000&bg=ffffff&guid=ON&a
[flux] Intercepted image [image/gif]: https://www.google.com/pagead/1p-user-list/16670681864/?random=1781087899132&cv=11&fst=1781085600000&bg=ffffff&guid=ON&a
[flux] Intercepted image [image/gif]: https://www.google.com/pagead/1p-user-list/16975718486/?random=1781087899182&cv=11&fst=1781085600000&bg=ffffff&guid=ON&a
[flux] Intercepted image [image/png]: https://7708aaff83e9.w.hcaptcha.com/logo.png
[flux] Dismissed popup
[flux] Watching for generation to complete...
[flux] Intercepted image [image/gif]: https://www.google.co.in/pagead/1p-user-list/16670681864/?random=1781087907001&cv=11&fst=1781085600000&bg=ffffff&guid=ON
[flux] Intercepted image [image/gif]: https://www.google.com/pagead/1p-user-list/16670681864/?random=1781087907001&cv=11&fst=1781085600000&bg=ffffff&guid=ON&a
[flux] 11% done — still generating, waiting...
[flux] 17% done — still generating, waiting...
[flux] 24% done — still generating, waiting...
[flux] 31% done — still generating, waiting...
[flux] 38% done — still generating, waiting...
[flux] 45% done — still generating, waiting...
[flux] 53% done — still generating, waiting...
[flux] 59% done — still generating, waiting...
[flux] 66% done — still generating, waiting...
[flux] Intercepted image [image/webp]: https://storage.googleapis.com/xi-backend/database/workspace/9e43e6d88dd74400a2526ffa6e243fd9/content_generation/U6938e6
[flux] 73% done — still generating, waiting...
[flux] Intercepted image [image/webp]: https://storage.googleapis.com/xi-backend/database/workspace/9e43e6d88dd74400a2526ffa6e243fd9/content_generation/U6938e6
[flux] Intercepted image [image/webp]: https://storage.googleapis.com/xi-backend/database/workspace/9e43e6d88dd74400a2526ffa6e243fd9/content_generation/U6938e6
[flux] Intercepted image [image/webp]: https://storage.googleapis.com/xi-backend/database/workspace/9e43e6d88dd74400a2526ffa6e243fd9/content_generation/U6938e6
[flux] Intercepted image [image/webp]: https://storage.googleapis.com/xi-backend/database/workspace/9e43e6d88dd74400a2526ffa6e243fd9/content_generation/U6938e6
[flux] 80% done — still generating, waiting...
[flux] Intercepted image [image/webp]: https://storage.googleapis.com/xi-backend/database/workspace/9e43e6d88dd74400a2526ffa6e243fd9/content_generation/U6938e6
[flux] Generation complete — waiting for all images to load...
[flux] Intercepted image [image/webp]: https://storage.googleapis.com/xi-backend/database/workspace/9e43e6d88dd74400a2526ffa6e243fd9/content_generation/U6938e6
[flux] Intercepted image [image/webp]: https://storage.googleapis.com/xi-backend/database/workspace/9e43e6d88dd74400a2526ffa6e243fd9/content_generation/U6938e6
[flux] Captured 1 image URL(s)
  [1] https://storage.googleapis.com/xi-backend/database/workspace/9e43e6d88dd74400a2526ffa6e243fd9/conten
[flux] Job flux-28f3716c-7639-40e3-b737-96e42c526389 complete — 1 image(s) downloaded
