[flux] Captured image URL: https://elevenlabs.io/app_assets/_next/static/media/ElevenCreative.01dum33k543mc.png
[flux] Captured image URL: https://eleven-public-cdn.elevenlabs.io/marketing_website/assets/cookie-banner/orb.png
[flux] Captured image URL: https://ab4fdd179d4d.w.hcaptcha.com/logo.png
[flux] Captured image URL: https://979a48693806.w.hcaptcha.com/logo.png
[flux] Captured image URL: https://storage.googleapis.com/eleven-public-cdn/database/shared_content/2Ll7Qbm1VwvtyE0XL4SP/thumbnail.jpg
[flux] Captured image URL: https://storage.googleapis.com/eleven-public-cdn/database/shared_content/GF2AayvRzact36DLCwIi/thumbnail.jpg
[flux] Captured image URL: https://storage.googleapis.com/eleven-public-cdn/database/shared_content/VAWp4l9tBFY7BqmlUxFH/thumbnail.jpg
[flux] Captured image URL: https://storage.googleapis.com/eleven-public-cdn/database/shared_content/k0TjWguO0I2evb6lpwuY/thumbnail.jpg
[flux] Captured image URL: https://storage.googleapis.com/eleven-public-cdn/database/shared_content/64wi67tdDe1wbC89u1wQ/thumbnail.jpg
[flux] Captured image URL: https://storage.googleapis.com/eleven-public-cdn/database/shared_content/ZK02ipph3LhA8djI6Uu6/thumbnail.jpg
[flux] Captured image URL: https://storage.googleapis.com/eleven-public-cdn/database/shared_content/Z8LHa75FAE9A5wlBpp5n/thumbnail.jpg
[flux] Captured image URL: https://elevenlabs.io/app_assets/image_assets/_next/image?url=https%3A%2F%2Fstorage.googleapis.com%2Feleven-public-cdn%2Fdatabase%2Fshared_content%2F2Ll7Qbm1VwvtyE0XL4SP%2Fthumbnail.jpg&w=1920&q=75
[flux] Captured image URL: https://elevenlabs.io/app_assets/image_assets/_next/image?url=https%3A%2F%2Fstorage.googleapis.com%2Feleven-public-cdn%2Fdatabase%2Fshared_content%2FGF2AayvRzact36DLCwIi%2Fthumbnail.jpg&w=1920&q=75
[flux] Captured image URL: https://elevenlabs.io/app_assets/image_assets/_next/image?url=https%3A%2F%2Fstorage.googleapis.com%2Feleven-public-cdn%2Fdatabase%2Fshared_content%2Fk0TjWguO0I2evb6lpwuY%2Fthumbnail.jpg&w=1920&q=75
[flux] Captured image URL: https://elevenlabs.io/app_assets/image_assets/_next/image?url=https%3A%2F%2Fstorage.googleapis.com%2Feleven-public-cdn%2Fdatabase%2Fshared_content%2FshcgFWJsdECiDlkTXIX9%2Fthumbnail.jpg&w=1920&q=75
[flux] Captured image URL: https://elevenlabs.io/app_assets/image_assets/_next/image?url=https%3A%2F%2Fstorage.googleapis.com%2Feleven-public-cdn%2Fdatabase%2Fshared_content%2FVAWp4l9tBFY7BqmlUxFH%2Fthumbnail.jpg&w=1920&q=75
[flux] Captured image URL: https://elevenlabs.io/app_assets/image_assets/_next/image?url=https%3A%2F%2Fstorage.googleapis.com%2Feleven-public-cdn%2Fdatabase%2Fshared_content%2FShEkO1DhyGWQAbDhpIxK%2Fthumbnail.jpg&w=1920&q=75
[flux] Captured image URL: https://elevenlabs.io/app_assets/image_assets/_next/image?url=https%3A%2F%2Fstorage.googleapis.com%2Feleven-public-cdn%2Fdatabase%2Fshared_content%2F64wi67tdDe1wbC89u1wQ%2Fthumbnail.jpg&w=1920&q=75
[flux] Captured image URL: https://elevenlabs.io/app_assets/image_assets/_next/image?url=https%3A%2F%2Fstorage.googleapis.com%2Feleven-public-cdn%2Fdatabase%2Fshared_content%2F4szmGGXPLLKPdTRGEXbs%2Fthumbnail.jpg&w=1920&q=75
[flux] Captured image URL: https://elevenlabs.io/app_assets/image_assets/_next/image?url=https%3A%2F%2Fstorage.googleapis.com%2Feleven-public-cdn%2Fdatabase%2Fshared_content%2FZ8LHa75FAE9A5wlBpp5n%2Fthumbnail.jpg&w=1920&q=75
[flux] Captured image URL: https://elevenlabs.io/app_assets/image_assets/_next/image?url=https%3A%2F%2Fstorage.googleapis.com%2Feleven-public-cdn%2Fdatabase%2Fshared_content%2F0NusCeC5v1eIc2nAfxtZ%2Fthumbnail.jpg&w=1920&q=75
[flux] Captured image URL: https://elevenlabs.io/app_assets/image_assets/_next/image?url=https%3A%2F%2Fstorage.googleapis.com%2Feleven-public-cdn%2Fdatabase%2Fshared_content%2FZK02ipph3LhA8djI6Uu6%2Fthumbnail.jpg&w=1920&q=75
[flux] Captured image URL: https://elevenlabs.io/app_assets/image_assets/_next/image?url=https%3A%2F%2Fstorage.googleapis.com%2Feleven-public-cdn%2Fdatabase%2Fshared_content%2FSnOFf3gikJo5EbrglWJy%2Fthumbnail.jpg&w=1920&q=75
[flux] Captured image URL: https://elevenlabs.io/app_assets/image_assets/_next/image?url=https%3A%2F%2Fstorage.googleapis.com%2Feleven-public-cdn%2Fdatabase%2Fshared_content%2FQp2hyyMcfhIIJQBKcQHt%2Fthumbnail.jpg&w=1920&q=75
[flux] Captured image URL: https://elevenlabs.io/app_assets/image_assets/_next/image?url=https%3A%2F%2Fstorage.googleapis.com%2Feleven-public-cdn%2Fdatabase%2Fshared_content%2F0NusCeC5v1eIc2nAfxtZ%2Fpreview_content.webp&w=1920&q=75
[flux] Captured image URL: https://elevenlabs.io/app_assets/image_assets/_next/image?url=https%3A%2F%2Fstorage.googleapis.com%2Feleven-public-cdn%2Fdatabase%2Fshared_content%2FSnOFf3gikJo5EbrglWJy%2Fpreview_content.webp&w=1920&q=75
[flux] Captured image URL: https://elevenlabs.io/app_assets/image_assets/_next/image?url=https%3A%2F%2Fstorage.googleapis.com%2Feleven-public-cdn%2Fdatabase%2Fshared_content%2FshcgFWJsdECiDlkTXIX9%2Fpreview_content.webp&w=1920&q=75
[flux] Captured image URL: https://elevenlabs.io/app_assets/image_assets/_next/image?url=https%3A%2F%2Fstorage.googleapis.com%2Feleven-public-cdn%2Fdatabase%2Fshared_content%2FShEkO1DhyGWQAbDhpIxK%2Fpreview_content.webp&w=1920&q=75
[flux] Captured image URL: https://elevenlabs.io/app_assets/image_assets/_next/image?url=https%3A%2F%2Fstorage.googleapis.com%2Feleven-public-cdn%2Fdatabase%2Fshared_content%2F4szmGGXPLLKPdTRGEXbs%2Fpreview_content.webp&w=1920&q=75
[flux] Job flux-57ba56de-354f-4240-8b85-d2eba6caebda failed: locator.click: Timeout 30000ms exceeded.
Call log:
[2m  - waiting for locator('#image-video-prompt-box').first()[22m
[2m    - locator resolved to <div tabindex="0" translate="no" contenteditable="true" id="image-video-prompt-box" data-agent-role="tiptap-input" data-agent-id="image-video-prompt-_r_8h_" class="tiptap ProseMirror px-4 py-[7px] h-full w-full text-md focus:outline-none focus:ring-none ring-transparent border-none">…</div>[22m
[2m  - attempting click action[22m
[2m    2 × waiting for element to be visible, enabled and stable[22m
[2m      - element is visible, enabled and stable[22m
[2m      - scrolling into view if needed[22m
[2m      - done scrolling[22m
[2m      - <p class="cb-body cb-text">By clicking “Accept All Cookies”, you agree to th…</p> from <div lang="en" dir="ltr" id="cookiebanner" ng-non-bindable="" name="cookiebanner">…</div> subtree intercepts pointer events[22m
[2m    - retrying click action[22m
[2m    - waiting 20ms[22m
[2m    2 × waiting for element to be visible, enabled and stable[22m
[2m      - element is visible, enabled and stable[22m
[2m      - scrolling into view if needed[22m
[2m      - done scrolling[22m
[2m      - <p class="cb-body cb-text">By clicking “Accept All Cookies”, you agree to th…</p> from <div lang="en" dir="ltr" id="cookiebanner" ng-non-bindable="" name="cookiebanner">…</div> subtree intercepts pointer events[22m
[2m    - retrying click action[22m
[2m      - waiting 100ms[22m
[2m    57 × waiting for element to be visible, enabled and stable[22m
[2m       - element is visible, enabled and stable[22m
[2m       - scrolling into view if needed[22m
[2m       - done scrolling[22m
[2m       - <p class="cb-body cb-text">By clicking “Accept All Cookies”, you agree to th…</p> from <div lang="en" dir="ltr" id="cookiebanner" ng-non-bindable="" name="cookiebanner">…</div> subtree intercepts pointer events[22m
[2m     - retrying click action[22m
[2m       - waiting 500ms[22m

    at run (/home/hackoverflow/Documents/Hopcharge/hopcharge-creative-pipeline/src/lib/plugins/browser/automate-flux.ts:112:20) {
  name: 'TimeoutError'
}
