[flux] Captured image URL: https://eleven-public-cdn.elevenlabs.io/marketing_website/assets/cookie-banner/orb.png
[flux] Clicked consent button: "Accept All Cookies"
[flux] Captured image URL: https://elevenlabs.io/app_assets/_next/static/media/ElevenCreative.01dum33k543mc.png
[flux] Captured image URL: https://61358ad4d93f.w.hcaptcha.com/logo.png
[flux] Captured image URL: https://4b2c9249c75d.w.hcaptcha.com/logo.png
[flux] Captured image URL: https://storage.googleapis.com/eleven-public-cdn/database/shared_content/VAWp4l9tBFY7BqmlUxFH/thumbnail.jpg
[flux] Captured image URL: https://storage.googleapis.com/eleven-public-cdn/database/shared_content/k0TjWguO0I2evb6lpwuY/thumbnail.jpg
[flux] Captured image URL: https://storage.googleapis.com/eleven-public-cdn/database/shared_content/64wi67tdDe1wbC89u1wQ/thumbnail.jpg
[flux] Captured image URL: https://storage.googleapis.com/eleven-public-cdn/database/shared_content/GF2AayvRzact36DLCwIi/thumbnail.jpg
[flux] Captured image URL: https://storage.googleapis.com/eleven-public-cdn/database/shared_content/2Ll7Qbm1VwvtyE0XL4SP/thumbnail.jpg
[flux] Captured image URL: https://storage.googleapis.com/eleven-public-cdn/database/shared_content/ZK02ipph3LhA8djI6Uu6/thumbnail.jpg
[flux] Captured image URL: https://storage.googleapis.com/eleven-public-cdn/database/shared_content/Z8LHa75FAE9A5wlBpp5n/thumbnail.jpg
[flux] Captured image URL: https://elevenlabs.io/app_assets/image_assets/_next/image?url=https%3A%2F%2Fstorage.googleapis.com%2Feleven-public-cdn%2Fdatabase%2Fshared_content%2F2Ll7Qbm1VwvtyE0XL4SP%2Fthumbnail.jpg&w=1920&q=75
[flux] Captured image URL: https://elevenlabs.io/app_assets/image_assets/_next/image?url=https%3A%2F%2Fstorage.googleapis.com%2Feleven-public-cdn%2Fdatabase%2Fshared_content%2FshcgFWJsdECiDlkTXIX9%2Fthumbnail.jpg&w=1920&q=75
[flux] Captured image URL: https://elevenlabs.io/app_assets/image_assets/_next/image?url=https%3A%2F%2Fstorage.googleapis.com%2Feleven-public-cdn%2Fdatabase%2Fshared_content%2FZ8LHa75FAE9A5wlBpp5n%2Fthumbnail.jpg&w=1920&q=75
[flux] Captured image URL: https://elevenlabs.io/app_assets/image_assets/_next/image?url=https%3A%2F%2Fstorage.googleapis.com%2Feleven-public-cdn%2Fdatabase%2Fshared_content%2F0NusCeC5v1eIc2nAfxtZ%2Fthumbnail.jpg&w=1920&q=75
[flux] Captured image URL: https://elevenlabs.io/app_assets/image_assets/_next/image?url=https%3A%2F%2Fstorage.googleapis.com%2Feleven-public-cdn%2Fdatabase%2Fshared_content%2FShEkO1DhyGWQAbDhpIxK%2Fthumbnail.jpg&w=1920&q=75
[flux] Captured image URL: https://elevenlabs.io/app_assets/image_assets/_next/image?url=https%3A%2F%2Fstorage.googleapis.com%2Feleven-public-cdn%2Fdatabase%2Fshared_content%2FQp2hyyMcfhIIJQBKcQHt%2Fthumbnail.jpg&w=1920&q=75
[flux] Captured image URL: https://elevenlabs.io/app_assets/image_assets/_next/image?url=https%3A%2F%2Fstorage.googleapis.com%2Feleven-public-cdn%2Fdatabase%2Fshared_content%2F64wi67tdDe1wbC89u1wQ%2Fthumbnail.jpg&w=1920&q=75
[flux] Captured image URL: https://elevenlabs.io/app_assets/image_assets/_next/image?url=https%3A%2F%2Fstorage.googleapis.com%2Feleven-public-cdn%2Fdatabase%2Fshared_content%2FZK02ipph3LhA8djI6Uu6%2Fthumbnail.jpg&w=1920&q=75
[flux] Captured image URL: https://elevenlabs.io/app_assets/image_assets/_next/image?url=https%3A%2F%2Fstorage.googleapis.com%2Feleven-public-cdn%2Fdatabase%2Fshared_content%2F4szmGGXPLLKPdTRGEXbs%2Fthumbnail.jpg&w=1920&q=75
[flux] Captured image URL: https://elevenlabs.io/app_assets/image_assets/_next/image?url=https%3A%2F%2Fstorage.googleapis.com%2Feleven-public-cdn%2Fdatabase%2Fshared_content%2FSnOFf3gikJo5EbrglWJy%2Fthumbnail.jpg&w=1920&q=75
[flux] Captured image URL: https://elevenlabs.io/app_assets/image_assets/_next/image?url=https%3A%2F%2Fstorage.googleapis.com%2Feleven-public-cdn%2Fdatabase%2Fshared_content%2FGF2AayvRzact36DLCwIi%2Fthumbnail.jpg&w=1920&q=75
[flux] Captured image URL: https://elevenlabs.io/app_assets/image_assets/_next/image?url=https%3A%2F%2Fstorage.googleapis.com%2Feleven-public-cdn%2Fdatabase%2Fshared_content%2FVAWp4l9tBFY7BqmlUxFH%2Fthumbnail.jpg&w=1920&q=75
[flux] Captured image URL: https://elevenlabs.io/app_assets/image_assets/_next/image?url=https%3A%2F%2Fstorage.googleapis.com%2Feleven-public-cdn%2Fdatabase%2Fshared_content%2Fk0TjWguO0I2evb6lpwuY%2Fthumbnail.jpg&w=1920&q=75
[flux] Captured image URL: https://elevenlabs.io/app_assets/image_assets/_next/image?url=https%3A%2F%2Fstorage.googleapis.com%2Feleven-public-cdn%2Fdatabase%2Fshared_content%2FShEkO1DhyGWQAbDhpIxK%2Fpreview_content.webp&w=1920&q=75
[flux] Captured image URL: https://elevenlabs.io/app_assets/image_assets/_next/image?url=https%3A%2F%2Fstorage.googleapis.com%2Feleven-public-cdn%2Fdatabase%2Fshared_content%2F0NusCeC5v1eIc2nAfxtZ%2Fpreview_content.webp&w=1920&q=75
[flux] Captured image URL: https://elevenlabs.io/app_assets/image_assets/_next/image?url=https%3A%2F%2Fstorage.googleapis.com%2Feleven-public-cdn%2Fdatabase%2Fshared_content%2F4szmGGXPLLKPdTRGEXbs%2Fpreview_content.webp&w=1920&q=75
[flux] Captured image URL: https://elevenlabs.io/app_assets/image_assets/_next/image?url=https%3A%2F%2Fstorage.googleapis.com%2Feleven-public-cdn%2Fdatabase%2Fshared_content%2FSnOFf3gikJo5EbrglWJy%2Fpreview_content.webp&w=1920&q=75
[flux] Captured image URL: https://elevenlabs.io/app_assets/image_assets/_next/image?url=https%3A%2F%2Fstorage.googleapis.com%2Feleven-public-cdn%2Fdatabase%2Fshared_content%2FshcgFWJsdECiDlkTXIX9%2Fpreview_content.webp&w=1920&q=75
[flux] Waiting up to 180s for image...
[flux] Job flux-6b51a992-da29-4084-960f-ea4dd94048ea complete → /api/browser-images/flux-6b51a992-da29-4084-960f-ea4dd94048ea.webp
