[flux] Intercepted image [image/png]: https://elevenlabs.io/app_assets/_next/static/media/ElevenCreative.01dum33k543mc.png
[flux] Intercepted image [image/webp]: https://elevenlabs.io/app_assets/image_assets/_next/image?url=https%3A%2F%2Flh3.googleusercontent.com%2Fa%2FACg8ocK23fmo
[flux] Intercepted image [image/png]: https://eleven-public-cdn.elevenlabs.io/marketing_website/assets/cookie-banner/orb.png
[flux] Intercepted image [image/svg+xml]: https://eleven-public-cdn.elevenlabs.io/marketing_website/assets/cookie-banner/li_chevron-down.svg
[flux] Intercepted image [image/png]: https://7ddc9c94abef.w.hcaptcha.com/logo.png
[flux] Clicked consent button: "Accept All Cookies"
[flux] Intercepted image [image/png]: https://536dd64f398d.w.hcaptcha.com/logo.png
[flux] Intercepted image [image/gif]: https://www.google.co.in/ads/ga-audiences?v=1&t=sr&slf_rd=1&_r=4&tid=G-82RG1PXYVW&cid=2036614831.1780469247&gtm=45je6611
[flux] Intercepted image [image/gif]: https://www.google.com/pagead/1p-user-list/16670681864/?random=1780471808419&cv=11&fst=1780470000000&bg=ffffff&guid=ON&a
[flux] Intercepted image [image/gif]: https://www.google.com/pagead/1p-user-list/16975718486/?random=1780471808481&cv=11&fst=1780470000000&bg=ffffff&guid=ON&a
[flux] Intercepted image [image/gif]: https://www.google.co.in/pagead/1p-user-list/16975718486/?random=1780471808481&cv=11&fst=1780470000000&bg=ffffff&guid=ON
[flux] Intercepted image [image/gif]: https://www.google.co.in/pagead/1p-user-list/16670681864/?random=1780471808419&cv=11&fst=1780470000000&bg=ffffff&guid=ON
[flux] Intercepted image [image/gif]: https://www.google.com/pagead/1p-user-list/11264110897/?random=1780471808523&cv=11&fst=1780470000000&bg=ffffff&guid=ON&a
[flux] Intercepted image [image/gif]: https://www.google.co.in/pagead/1p-user-list/11264110897/?random=1780471808523&cv=11&fst=1780470000000&bg=ffffff&guid=ON
[flux] Intercepted image [image/gif]: https://alb.reddit.com/rp.gif?id=a2_hn43eb9jp37e&event=PageVisit&integration=noscript
[flux] Intercepted image [image/jpeg]: https://elevenlabs.io/app_assets/_next/static/media/gpt-image-2-launch-cover.063vj6hrizagb.jpg
[flux] Intercepted image [image/gif]: https://alb.reddit.com/rp.gif?ts=1780471809326&id=a2_h5nwyvwknadl&event=PageVisit&m.itemCount=&m.value=&m.valueDecimal=&
[flux] Intercepted image [image/gif]: https://dev.visualwebsiteoptimizer.com/collect/v.gif?cd=0&a=1198117&d=https%3A%2F%2Felevenlabs.io%2Fapp%2Fimage-video%3F
[flux] Intercepted image [image/gif;charset=utf-8]: https://analytics.twitter.com/1/i/adsct?bci=4&dv=Asia%2FCalcutta%26en-US%26Google%20Inc.%26Linux%20x86_64%26255%261280%2
[flux] Intercepted image [image/gif;charset=utf-8]: https://t.co/1/i/adsct?bci=4&dv=Asia%2FCalcutta%26en-US%26Google%20Inc.%26Linux%20x86_64%26255%261280%26800%2616%2624%26
[flux] Intercepted image [image/gif;charset=utf-8]: https://t.co/1/i/adsct?bci=4&dv=Asia%2FCalcutta%26en-US%26Google%20Inc.%26Linux%20x86_64%26255%261280%26800%2616%2624%26
[flux] Intercepted image [image/gif;charset=utf-8]: https://t.co/1/i/adsct?bci=4&dv=Asia%2FCalcutta%26en-US%26Google%20Inc.%26Linux%20x86_64%26255%261280%26800%2616%2624%26
[flux] Intercepted image [image/gif;charset=utf-8]: https://analytics.twitter.com/1/i/adsct?bci=4&dv=Asia%2FCalcutta%26en-US%26Google%20Inc.%26Linux%20x86_64%26255%261280%2
[flux] Intercepted image [image/gif;charset=utf-8]: https://analytics.twitter.com/1/i/adsct?bci=4&dv=Asia%2FCalcutta%26en-US%26Google%20Inc.%26Linux%20x86_64%26255%261280%2
[flux] Intercepted image [image/jpeg]: https://storage.googleapis.com/eleven-public-cdn/database/shared_content/VAWp4l9tBFY7BqmlUxFH/thumbnail.jpg
[flux] Intercepted image [image/jpeg]: https://storage.googleapis.com/eleven-public-cdn/database/shared_content/GF2AayvRzact36DLCwIi/thumbnail.jpg
[flux] Intercepted image [image/jpeg]: https://storage.googleapis.com/eleven-public-cdn/database/shared_content/ZK02ipph3LhA8djI6Uu6/thumbnail.jpg
[flux] Intercepted image [image/jpeg]: https://storage.googleapis.com/eleven-public-cdn/database/shared_content/k0TjWguO0I2evb6lpwuY/thumbnail.jpg
[flux] Intercepted image [image/jpeg]: https://storage.googleapis.com/eleven-public-cdn/database/shared_content/Z8LHa75FAE9A5wlBpp5n/thumbnail.jpg
[flux] Intercepted image [image/jpeg]: https://storage.googleapis.com/eleven-public-cdn/database/shared_content/2Ll7Qbm1VwvtyE0XL4SP/thumbnail.jpg
[flux] Intercepted image [image/jpeg]: https://storage.googleapis.com/eleven-public-cdn/database/shared_content/64wi67tdDe1wbC89u1wQ/thumbnail.jpg
[flux] Intercepted image [image/webp]: https://elevenlabs.io/app_assets/image_assets/_next/image?url=https%3A%2F%2Fstorage.googleapis.com%2Feleven-public-cdn%2
[flux] Intercepted image [image/webp]: https://elevenlabs.io/app_assets/image_assets/_next/image?url=https%3A%2F%2Fstorage.googleapis.com%2Feleven-public-cdn%2
[flux] Intercepted image [image/webp]: https://elevenlabs.io/app_assets/image_assets/_next/image?url=https%3A%2F%2Fstorage.googleapis.com%2Feleven-public-cdn%2
[flux] Intercepted image [image/webp]: https://elevenlabs.io/app_assets/image_assets/_next/image?url=https%3A%2F%2Fstorage.googleapis.com%2Feleven-public-cdn%2
[flux] Intercepted image [image/webp]: https://elevenlabs.io/app_assets/image_assets/_next/image?url=https%3A%2F%2Fstorage.googleapis.com%2Feleven-public-cdn%2
[flux] Intercepted image [image/webp]: https://elevenlabs.io/app_assets/image_assets/_next/image?url=https%3A%2F%2Fstorage.googleapis.com%2Feleven-public-cdn%2
[flux] Intercepted image [image/webp]: https://elevenlabs.io/app_assets/image_assets/_next/image?url=https%3A%2F%2Fstorage.googleapis.com%2Feleven-public-cdn%2
[flux] Intercepted image [image/webp]: https://elevenlabs.io/app_assets/image_assets/_next/image?url=https%3A%2F%2Fstorage.googleapis.com%2Feleven-public-cdn%2
[flux] Intercepted image [image/webp]: https://elevenlabs.io/app_assets/image_assets/_next/image?url=https%3A%2F%2Fstorage.googleapis.com%2Feleven-public-cdn%2
[flux] Intercepted image [image/webp]: https://elevenlabs.io/app_assets/image_assets/_next/image?url=https%3A%2F%2Fstorage.googleapis.com%2Feleven-public-cdn%2
[flux] Intercepted image [image/webp]: https://elevenlabs.io/app_assets/image_assets/_next/image?url=https%3A%2F%2Fstorage.googleapis.com%2Feleven-public-cdn%2
[flux] Intercepted image [image/webp]: https://elevenlabs.io/app_assets/image_assets/_next/image?url=https%3A%2F%2Fstorage.googleapis.com%2Feleven-public-cdn%2
[flux] Intercepted image [image/webp]: https://elevenlabs.io/app_assets/image_assets/_next/image?url=https%3A%2F%2Fstorage.googleapis.com%2Feleven-public-cdn%2
[flux] Intercepted image [image/webp]: https://elevenlabs.io/app_assets/image_assets/_next/image?url=https%3A%2F%2Fstorage.googleapis.com%2Feleven-public-cdn%2
[flux] Intercepted image [image/webp]: https://elevenlabs.io/app_assets/image_assets/_next/image?url=https%3A%2F%2Fstorage.googleapis.com%2Feleven-public-cdn%2
[flux] Intercepted image [image/webp]: https://elevenlabs.io/app_assets/image_assets/_next/image?url=https%3A%2F%2Fstorage.googleapis.com%2Feleven-public-cdn%2
[flux] Intercepted image [image/webp]: https://elevenlabs.io/app_assets/image_assets/_next/image?url=https%3A%2F%2Fstorage.googleapis.com%2Feleven-public-cdn%2
[flux] Intercepted image [image/webp]: https://elevenlabs.io/app_assets/image_assets/_next/image?url=https%3A%2F%2Fstorage.googleapis.com%2Feleven-public-cdn%2
[flux] Intercepted image [image/gif]: https://www.google.com/pagead/1p-user-list/16670681864/?random=1780471825082&cv=11&fst=1780470000000&bg=ffffff&guid=ON&a
[flux] Intercepted image [image/gif]: https://www.google.com/pagead/1p-user-list/16670681864/?random=1780471825064&cv=11&fst=1780470000000&bg=ffffff&guid=ON&a
[flux] Intercepted image [image/gif]: https://www.google.com/pagead/1p-user-list/16975718486/?random=1780471825095&cv=11&fst=1780470000000&bg=ffffff&guid=ON&a
[flux] Intercepted image [image/gif]: https://www.google.com/pagead/1p-user-list/16975718486/?random=1780471825116&cv=11&fst=1780470000000&bg=ffffff&guid=ON&a
[flux] Intercepted image [image/gif]: https://www.google.co.in/pagead/1p-user-list/16670681864/?random=1780471825064&cv=11&fst=1780470000000&bg=ffffff&guid=ON
[flux] Intercepted image [image/gif]: https://www.google.co.in/pagead/1p-user-list/16670681864/?random=1780471825082&cv=11&fst=1780470000000&bg=ffffff&guid=ON
[flux] Intercepted image [image/gif]: https://www.google.co.in/pagead/1p-user-list/16975718486/?random=1780471825095&cv=11&fst=1780470000000&bg=ffffff&guid=ON
[flux] Intercepted image [image/gif]: https://www.google.com/pagead/1p-user-list/11264110897/?random=1780471825148&cv=11&fst=1780470000000&bg=ffffff&guid=ON&a
[flux] Intercepted image [image/gif]: https://www.google.co.in/pagead/1p-user-list/16975718486/?random=1780471825116&cv=11&fst=1780470000000&bg=ffffff&guid=ON
[flux] Intercepted image [image/gif]: https://www.google.co.in/pagead/1p-user-list/11264110897/?random=1780471825148&cv=11&fst=1780470000000&bg=ffffff&guid=ON
[flux] Intercepted image [image/gif]: https://www.google.co.in/pagead/1p-user-list/11264110897/?random=1780471825174&cv=11&fst=1780470000000&bg=ffffff&guid=ON
[flux] Intercepted image [image/gif]: https://www.google.com/pagead/1p-user-list/11264110897/?random=1780471825174&cv=11&fst=1780470000000&bg=ffffff&guid=ON&a
[flux] Intercepted image [image/png]: https://f8ba487ac292.w.hcaptcha.com/logo.png
[flux] Dismissed popup
[flux] Watching for generation to complete...
[flux] Intercepted image [image/gif]: https://www.google.com/pagead/1p-user-list/16670681864/?random=1780471831784&cv=11&fst=1780470000000&bg=ffffff&guid=ON&a
[flux] Intercepted image [image/webp]: https://storage.googleapis.com/xi-backend/database/workspace/9e43e6d88dd74400a2526ffa6e243fd9/content_generation/EfCPKMf
[flux] Intercepted image [image/gif]: https://www.google.co.in/pagead/1p-user-list/16670681864/?random=1780471831784&cv=11&fst=1780470000000&bg=ffffff&guid=ON
[flux] Intercepted image [image/webp]: https://storage.googleapis.com/xi-backend/database/workspace/9e43e6d88dd74400a2526ffa6e243fd9/content_generation/EfCPKMf
[flux] 11% done — still generating, waiting...
[flux] 20% done — still generating, waiting...
[flux] 27% done — still generating, waiting...
[flux] 35% done — still generating, waiting...
[flux] 42% done — still generating, waiting...
[flux] 49% done — still generating, waiting...
[flux] 57% done — still generating, waiting...
[flux] 65% done — still generating, waiting...
[flux] 73% done — still generating, waiting...
[flux] 80% done — still generating, waiting...
[flux] Intercepted image [image/webp]: https://storage.googleapis.com/xi-backend/database/workspace/9e43e6d88dd74400a2526ffa6e243fd9/content_generation/a0U3lKD
[flux] Intercepted image [image/webp]: https://storage.googleapis.com/xi-backend/database/workspace/9e43e6d88dd74400a2526ffa6e243fd9/content_generation/a0U3lKD
[flux] Intercepted image [image/webp]: https://storage.googleapis.com/xi-backend/database/workspace/9e43e6d88dd74400a2526ffa6e243fd9/content_generation/a0U3lKD
[flux] Intercepted image [image/webp]: https://storage.googleapis.com/xi-backend/database/workspace/9e43e6d88dd74400a2526ffa6e243fd9/content_generation/a0U3lKD
[flux] 88% done — still generating, waiting...
[flux] Intercepted image [image/webp]: https://storage.googleapis.com/xi-backend/database/workspace/9e43e6d88dd74400a2526ffa6e243fd9/content_generation/a0U3lKD
[flux] Intercepted image [image/webp]: https://storage.googleapis.com/xi-backend/database/workspace/9e43e6d88dd74400a2526ffa6e243fd9/content_generation/a0U3lKD
[flux] Intercepted image [image/webp]: https://storage.googleapis.com/xi-backend/database/workspace/9e43e6d88dd74400a2526ffa6e243fd9/content_generation/a0U3lKD
[flux] Generation complete, capturing image...
[flux] Intercepted image [image/webp]: https://storage.googleapis.com/xi-backend/database/workspace/9e43e6d88dd74400a2526ffa6e243fd9/content_generation/a0U3lKD
[flux] Job flux-f00eb39e-f5fb-4f92-bb9a-f02465b56ca3 complete → /api/browser-images/flux-f00eb39e-f5fb-4f92-bb9a-f02465b56ca3.jpg
