[flyne] url=https://flyne.ai/ prompt="[placeholder="Please enter a prompt"]" btn="button.flex"
[flyne] Intercepted [image/webp]: https://cdn.flyne.ai/flyne/home/video_ai/ai_video_generator.webp
[flyne] Intercepted [image/webp]: https://cdn.flyne.ai/flyne/home/video_ai/photo_to_video.webp
[flyne] Intercepted [image/webp]: https://cdn.flyne.ai/flyne/home/video_ai/video_to_video.webp
[flyne] Intercepted [image/webp]: https://cdn.flyne.ai/flyne/home/video_ai/ai_text_to_video_generator.webp
[flyne] Intercepted [image/gif]: https://www.google.com/pagead/1p-user-list/16672124251/?random=1780484159744&cv=11&fst=1780480800000
[flyne] Intercepted [image/gif]: https://www.google.co.in/pagead/1p-user-list/16672124251/?random=1780484159744&cv=11&fst=17804808000
[flyne] Intercepted [image/gif]: https://googleads.g.doubleclick.net/pagead/viewthroughconversion/16672124251/?random=2058231847&cv=1
[flyne] Intercepted [image/gif]: https://www.google.com/pagead/1p-conversion/16672124251/?random=2058231847&cv=11&fst=1780484159931&f
[flyne] Intercepted [image/jpeg]: https://pbs.twimg.com/profile_images/2037059413786451968/ebyJqzCS_normal.jpg
[flyne] Intercepted [image/jpeg]: https://pbs.twimg.com/profile_images/2031327311983947784/QbA0KR1-_normal.jpg
[flyne] Intercepted [image/jpeg]: https://pbs.twimg.com/profile_images/1935941494067859456/X2_yLFE9_normal.jpg
[flyne] Intercepted [image/jpeg]: https://pbs.twimg.com/amplify_video_thumb/2042202222512201728/img/7GlzUTvoFApG3pjX?format=jpg&name=s
[flyne] Intercepted [image/jpeg]: https://pbs.twimg.com/amplify_video_thumb/2049079032894062593/img/-TJh1tnBTeUtsOsf?format=jpg&name=s
[flyne] Intercepted [image/jpeg]: https://pbs.twimg.com/amplify_video_thumb/2038624616311361536/img/ZmN0E688WI325V1L?format=jpg&name=s
[flyne] Intercepted [image/jpeg]: https://pbs.twimg.com/amplify_video_thumb/2049450114172035072/img/dPemWqtYbnkve_c0?format=jpg&name=s
[flyne] Intercepted [image/png]: https://flyne.ai/images/logo.png
[flyne] Intercepted [image/svg+xml]: https://flyne.ai/icon.svg?2f559c0412bd6bed
[flyne] Dismissed consent: "Accept"
[flyne] Intercepted [image/svg+xml]: https://flyne.ai/icon.svg?2f559c0412bd6bed
[flyne] Intercepted [image/svg+xml]: https://flyne.ai/icon.svg?2f559c0412bd6bed
[flyne] Job flyne-e3ead2f2-be81-46e8-aacf-f9b4a92a4257 failed: locator.type: Target page, context or browser has been closed
Call log:
[2m  - waiting for locator('[placeholder="Please enter a prompt"]').first()[22m
[2m    - locator resolved to <textarea name="prompt" placeholder="Please enter a prompt" class="flex border border-input text-sm ring-offset-background focus:placeholder:text-transparent focus-visible:outline-none focus-visible:ring-0 focus-visible:ring-offset-0 disabled:cursor-not-allowed disabled:opacity-50 min-h-fit w-full flex-1 resize-none rounded-xl border-none bg-transparent p-2 placeholder:text-[#E2E2E266]"></textarea>[22m
[2m  - elementHandle.type("Dark bedroom, phone showing low battery alert at 4am — cut to Hopcharge van arriving at dawn, car fully charged by morning. Professional advertising photograph for an EV home charging service in India. Clean, modern, cinematic lighting, high production quality. Mood: pain point angle. Vertical portrait format, 9:16 aspect ratio.")[22m

    at run (/home/hackoverflow/Documents/Hopcharge/hopcharge-creative-pipeline/src/lib/plugins/browser/automate-flyne.ts:194:20)
