[flyne] url=https://flyne.ai/ prompt="[placeholder="Please enter a prompt"]" btn="button.flex"
[flyne] Intercepted [image/webp]: https://cdn.flyne.ai/flyne/home/video_ai/video_to_video.webp
[flyne] Intercepted [image/webp]: https://cdn.flyne.ai/flyne/home/video_ai/photo_to_video.webp
[flyne] Intercepted [image/webp]: https://cdn.flyne.ai/flyne/home/video_ai/ai_text_to_video_generator.webp
[flyne] Intercepted [image/webp]: https://cdn.flyne.ai/flyne/home/video_ai/ai_video_generator.webp
[flyne] Intercepted [image/png]: https://flyne.ai/images/logo.png
[flyne] Intercepted [image/svg+xml]: https://flyne.ai/icon.svg?2f559c0412bd6bed
[flyne] Intercepted [image/gif]: https://flyne.ai/n1a6/as/d/ccm/conversion/16672124251/?random=1780479845858&cv=11&fst=1780479845858&
[flyne] Intercepted [image/gif]: https://www.google.com/pagead/1p-user-list/16672124251/?random=1780479845633&cv=11&fst=1780477200000
[flyne] Intercepted [image/gif]: https://www.google.co.in/pagead/1p-user-list/16672124251/?random=1780479845633&cv=11&fst=17804772000
[flyne] Intercepted [image/gif]: https://googleads.g.doubleclick.net/pagead/viewthroughconversion/16672124251/?random=2022668047&cv=1
[flyne] Intercepted [image/gif]: https://www.google.com/pagead/1p-conversion/16672124251/?random=2022668047&cv=11&fst=1780479845858&f
[flyne] Intercepted [image/jpeg]: https://pbs.twimg.com/amplify_video_thumb/2038624616311361536/img/ZmN0E688WI325V1L?format=jpg&name=s
[flyne] Intercepted [image/jpeg]: https://pbs.twimg.com/amplify_video_thumb/2042202222512201728/img/7GlzUTvoFApG3pjX?format=jpg&name=s
[flyne] Intercepted [image/jpeg]: https://pbs.twimg.com/amplify_video_thumb/2049079032894062593/img/-TJh1tnBTeUtsOsf?format=jpg&name=s
[flyne] Intercepted [image/jpeg]: https://pbs.twimg.com/profile_images/2037059413786451968/ebyJqzCS_normal.jpg
[flyne] Intercepted [image/jpeg]: https://pbs.twimg.com/amplify_video_thumb/2049450114172035072/img/dPemWqtYbnkve_c0?format=jpg&name=s
[flyne] Intercepted [image/jpeg]: https://pbs.twimg.com/profile_images/1935941494067859456/X2_yLFE9_normal.jpg
[flyne] Intercepted [image/jpeg]: https://pbs.twimg.com/profile_images/2031327311983947784/QbA0KR1-_normal.jpg
[flyne] Intercepted [image/svg+xml]: https://flyne.ai/icon.svg?2f559c0412bd6bed
[flyne] Intercepted [image/svg+xml]: https://flyne.ai/icon.svg?2f559c0412bd6bed
[flyne] Dismissed consent: "Accept"
[flyne] Intercepted [image/gif]: https://www.google.com/pagead/1p-user-list/16672124251/?random=1780479857990&cv=11&fst=1780477200000
[flyne] Intercepted [image/gif]: https://www.google.co.in/pagead/1p-user-list/16672124251/?random=1780479857990&cv=11&fst=17804772000
[flyne] Waiting for generation to complete...
[flyne] Generation appears complete — waiting for images to load...
[flyne] Intercepted [image/gif]: https://www.google.com/pagead/1p-user-list/16672124251/?random=1780479871460&cv=11&fst=1780477200000
[flyne] Intercepted [image/gif]: https://www.google.co.in/pagead/1p-user-list/16672124251/?random=1780479871460&cv=11&fst=17804772000
[flyne] Intercepted [image/svg+xml]: https://flyne.ai/icon.svg?2f559c0412bd6bed
[flyne] Intercepted [image/svg+xml]: https://flyne.ai/icon.svg?2f559c0412bd6bed
[flyne] Intercepted [image/svg+xml]: https://flyne.ai/icon.svg?2f559c0412bd6bed
[flyne] Intercepted [image/svg+xml]: https://flyne.ai/icon.svg?2f559c0412bd6bed
[flyne] Intercepted [image/svg+xml]: https://flyne.ai/icon.svg?2f559c0412bd6bed
[flyne] Intercepted [image/svg+xml]: https://flyne.ai/icon.svg?2f559c0412bd6bed
[flyne] Captured 2 image URL(s)
  [1] https://www.google.com/pagead/1p-user-list/16672124251/?random=1780479871460&cv=11&fst=1780477200000
  [2] https://www.google.co.in/pagead/1p-user-list/16672124251/?random=1780479871460&cv=11&fst=17804772000
[flyne] Intercepted [image/svg+xml]: https://flyne.ai/icon.svg?2f559c0412bd6bed
[flyne] Intercepted [image/svg+xml]: https://flyne.ai/icon.svg?2f559c0412bd6bed
[flyne] Job flyne-04f93142-275f-4796-8bff-2bcdbd8a4417 complete — 2 image(s)
