[flyne] url=https://flyne.ai/ prompt="[placeholder="Please enter a prompt"]" btn="button.flex"
[flyne] Intercepted [image/webp]: https://cdn.flyne.ai/flyne/home/video_ai/video_to_video.webp
[flyne] Intercepted [image/webp]: https://cdn.flyne.ai/flyne/home/video_ai/photo_to_video.webp
[flyne] Intercepted [image/webp]: https://cdn.flyne.ai/flyne/home/video_ai/ai_text_to_video_generator.webp
[flyne] Intercepted [image/webp]: https://cdn.flyne.ai/flyne/home/video_ai/ai_video_generator.webp
[flyne] Intercepted [image/png]: https://flyne.ai/images/logo.png
[flyne] Intercepted [image/svg+xml]: https://flyne.ai/icon.svg?2f559c0412bd6bed
[flyne] Intercepted [image/jpeg]: https://pbs.twimg.com/amplify_video_thumb/2042202222512201728/img/7GlzUTvoFApG3pjX?format=jpg&name=s
[flyne] Intercepted [image/jpeg]: https://pbs.twimg.com/profile_images/2037059413786451968/ebyJqzCS_normal.jpg
[flyne] Intercepted [image/jpeg]: https://pbs.twimg.com/amplify_video_thumb/2038624616311361536/img/ZmN0E688WI325V1L?format=jpg&name=s
[flyne] Intercepted [image/jpeg]: https://pbs.twimg.com/profile_images/1935941494067859456/X2_yLFE9_normal.jpg
[flyne] Intercepted [image/jpeg]: https://pbs.twimg.com/amplify_video_thumb/2049450114172035072/img/dPemWqtYbnkve_c0?format=jpg&name=s
[flyne] Intercepted [image/jpeg]: https://pbs.twimg.com/amplify_video_thumb/2049079032894062593/img/-TJh1tnBTeUtsOsf?format=jpg&name=s
[flyne] Intercepted [image/jpeg]: https://pbs.twimg.com/profile_images/2031327311983947784/QbA0KR1-_normal.jpg
[flyne] Intercepted [image/gif]: https://googleads.g.doubleclick.net/pagead/viewthroughconversion/16672124251/?random=486806155&cv=11
[flyne] Intercepted [image/gif]: https://www.google.com/pagead/1p-user-list/16672124251/?random=1780477534359&cv=11&fst=1780477200000
[flyne] Intercepted [image/gif]: https://www.google.co.in/pagead/1p-user-list/16672124251/?random=1780477534359&cv=11&fst=17804772000
[flyne] Intercepted [image/gif]: https://www.google.com/pagead/1p-conversion/16672124251/?random=486806155&cv=11&fst=1780477534748&fm
[flyne] Intercepted [image/svg+xml]: https://flyne.ai/icon.svg?2f559c0412bd6bed
[flyne] Intercepted [image/svg+xml]: https://flyne.ai/icon.svg?2f559c0412bd6bed
[flyne] Dismissed consent: "Accept"
[flyne] Intercepted [image/gif]: https://www.google.com/pagead/1p-user-list/16672124251/?random=1780477549928&cv=11&fst=1780477200000
[flyne] Intercepted [image/gif]: https://www.google.co.in/pagead/1p-user-list/16672124251/?random=1780477549928&cv=11&fst=17804772000
[flyne] Waiting for generation to complete...
[flyne] Intercepted [image/gif]: https://www.google.com/pagead/1p-user-list/16672124251/?random=1780477557812&cv=11&fst=1780477200000
[flyne] Intercepted [image/gif]: https://www.google.co.in/pagead/1p-user-list/16672124251/?random=1780477557812&cv=11&fst=17804772000
[flyne] Generation appears complete — waiting for images to load...
[flyne] Job flyne-e1867dbd-35bf-48bd-856b-488bbe0d7dbb failed: page.waitForTimeout: Target page, context or browser has been closed
    at run (/home/hackoverflow/Documents/Hopcharge/hopcharge-creative-pipeline/src/lib/plugins/browser/automate-flyne.ts:173:18)
