[runway-browser] url=https://app.runwayml.com/video-tools/teams/internai0/ai-tools/generate?mode=tools prompt="[placeholder=Enter the script]" btn="#react-aria7220139912-:rim:"
[runway-browser] Captured video URL: https://d3phaj0sisr2ct.cloudfront.net/app/mira/empty-states/edit-studio-empty-state.webm
[runway-browser] Captured video URL: https://d3phaj0sisr2ct.cloudfront.net/app/empty-state/seedance-emptystate.webm
[runway-browser] Captured video URL: https://d3phaj0sisr2ct.cloudfront.net/app/empty-state/MultiShot_touchpoint_optimized.webm
[runway-browser] Captured video URL: https://d3phaj0sisr2ct.cloudfront.net/calliope-demo/ga/RW_Characters_Hero_Comp.webm
[runway-browser] Captured video URL: https://d3phaj0sisr2ct.cloudfront.net/app/empty-state/gen45-emptystate-new.webm
[runway-browser] Captured video URL: https://d3phaj0sisr2ct.cloudfront.net/app/empty-state/kling-product.webm
[runway-browser] Captured video URL: https://d3phaj0sisr2ct.cloudfront.net/calliope-demo/ga/RW_Characters_Hero_Comp.webm
[runway-browser] Captured video URL: https://d3phaj0sisr2ct.cloudfront.net/app/empty-state/MultiShot_touchpoint_optimized.webm
[runway-browser] Captured video URL: https://d3phaj0sisr2ct.cloudfront.net/app/empty-state/gen45-emptystate-new.webm
[runway-browser] Captured video URL: https://d3phaj0sisr2ct.cloudfront.net/app/empty-state/kling-product.webm
[runway-browser] Captured video URL: https://d3phaj0sisr2ct.cloudfront.net/app/empty-state/seedance-emptystate.webm
[runway-browser] Captured video URL: https://d3phaj0sisr2ct.cloudfront.net/app/mira/empty-states/edit-studio-empty-state.webm
[runway-browser] Job runway-2d573abf-20b4-4219-9404-5f7782bd8694 failed: locator.type: Target page, context or browser has been closed
Call log:
[2m  - waiting for locator('textarea[placeholder*="script" i]').first()[22m
[2m    - locator resolved to <textarea maxlength="3000" class="textarea-3vv5EV" placeholder="Enter the script"></textarea>[22m
[2m  - elementHandle.type("Wide aerial shots of Indian cities — smoggy vs. clear skies — EV adoption graphic rising, Hopcharge network dots spreading across the map.[22m
[2m Professional advertising video for an EV home charging service in India. Cinematic lighting, smooth camera movement, modern urban aesthetic.")[22m

    at run (/home/hackoverflow/Documents/Hopcharge/hopcharge-creative-pipeline/src/lib/plugins/browser/automate-runway.ts:133:20)
